#
# A fatal error has been detected by the Java Runtime Environment:
#
#  Internal Error (generateOopMap.cpp:2162), pid=50237, tid=18691
#  fatal error: Illegal class file encountered. Try running with -Xverify:all in method play
#
# JRE version: Java(TM) SE Runtime Environment (10.0.2+13) (build 10.0.2+13)
# Java VM: Java HotSpot(TM) 64-Bit Server VM (10.0.2+13, mixed mode, tiered, compressed oops, g1 gc, bsd-amd64)
# No core dump will be written. Core dumps have been disabled. To enable core dumping, try "ulimit -c unlimited" before starting Java again
#
# If you would like to submit a bug report, please visit:
#   http://bugreport.java.com/bugreport/crash.jsp
#

---------------  S U M M A R Y ------------

Command Line: -agentlib:jdwp=transport=dt_socket,address=127.0.0.1:49653,suspend=y,server=n -javaagent:/Users/yuhanxie/Library/Caches/IdeaIC2018.2/captureAgent/debugger-agent.jar=file:/private/var/folders/cx/z3772xy56hs6j1rk_czl95z80000gn/T/capture.props -Dfile.encoding=UTF-8 amazons.Main

Host: MacBookPro14,1 x86_64 2300 MHz, 4 cores, 8G, Darwin 17.7.0
Time: Fri Nov  9 18:00:10 2018 PST elapsed time: 3553 seconds (0d 0h 59m 13s)

---------------  T H R E A D  ---------------

Current thread (0x00007ff503054800):  VMThread "VM Thread" [stack: 0x0000700007029000,0x0000700007129000] [id=18691]

Stack: [0x0000700007029000,0x0000700007129000],  sp=0x0000700007127eb0,  free space=1019k
Native frames: (J=compiled Java code, A=aot compiled Java code, j=interpreted, Vv=VM code, C=native code)
V  [libjvm.dylib+0x799cb1]  _ZN7VMError14report_and_dieEiPKcS1_P13__va_list_tagP6ThreadPhPvS7_S1_im+0x4df
V  [libjvm.dylib+0x79a374]  _ZN7VMError14report_and_dieEP6ThreadPKciS3_S3_P13__va_list_tag+0x4a
V  [libjvm.dylib+0x28bd01]  _Z12report_fatalPKciS0_z+0xc0
V  [libjvm.dylib+0x383751]  _ZN14GenerateOopMap10error_workEPKcP13__va_list_tag+0xeb
V  [libjvm.dylib+0x380a09]  _ZN14GenerateOopMap12report_errorEPKcz+0x8d
V  [libjvm.dylib+0x3816fa]  _ZN14GenerateOopMap9interp_bbEP10BasicBlock+0x144
V  [libjvm.dylib+0x3813d1]  _ZN14GenerateOopMap10interp_allEv+0x53
V  [libjvm.dylib+0x3810b7]  _ZN14GenerateOopMap17do_interpretationEv+0x4b
V  [libjvm.dylib+0x383581]  _ZN14GenerateOopMap11compute_mapEP6Thread+0x16b
V  [libjvm.dylib+0x62b7d8]  _ZN19OopMapForCacheEntry11compute_mapEP6Thread+0x60
V  [libjvm.dylib+0x62c0c4]  _ZN16OopMapCacheEntry4fillERK12methodHandlei+0xac
V  [libjvm.dylib+0x62ca8c]  _ZN11OopMapCache19compute_one_oop_mapERK12methodHandleiP17InterpreterOopMap+0x11a
V  [libjvm.dylib+0x5f1155]  _ZN6Method8mask_forEiP17InterpreterOopMap+0x7f
V  [libjvm.dylib+0x4dda69]  _ZN16VM_GetOrSetLocal4doitEv+0x47
V  [libjvm.dylib+0x7a38d9]  _ZN12VM_Operation8evaluateEv+0xf1
V  [libjvm.dylib+0x7a2dc2]  _ZN8VMThread18evaluate_operationEP12VM_Operation+0xd4
V  [libjvm.dylib+0x7a2a76]  _ZN8VMThread4loopEv+0x340
V  [libjvm.dylib+0x7a2649]  _ZN8VMThread3runEv+0x75
V  [libjvm.dylib+0x633a5f]  _ZL19thread_native_entryP6Thread+0x12b
C  [libsystem_pthread.dylib+0x3661]  _pthread_body+0x154
C  [libsystem_pthread.dylib+0x350d]  _pthread_body+0x0
C  [libsystem_pthread.dylib+0x2bf9]  thread_start+0xd

VM_Operation (0x00007000079c39e8): GetOrSetLocal, mode: safepoint, requested by thread 0x00007ff504097000


---------------  P R O C E S S  ---------------

Threads class SMR info:
_java_thread_list=0x00007ff502425fb0, length=13, elements={
0x00007ff504001000, 0x00007ff50401a800, 0x00007ff504011800, 0x00007ff503802000,
0x00007ff50307a800, 0x00007ff50402a000, 0x00007ff50383d800, 0x00007ff50383e000,
0x00007ff504097000, 0x00007ff50409a000, 0x00007ff50409a800, 0x00007ff5038ab000,
0x00007ff5040d3800
}

Java Threads: ( => current thread )
  0x00007ff504001000 JavaThread "main" [_thread_blocked, id=9731, stack(0x00000001084f8000,0x00000001085f8000)]
  0x00007ff50401a800 JavaThread "Reference Handler" daemon [_thread_blocked, id=17923, stack(0x000070000712c000,0x000070000722c000)]
  0x00007ff504011800 JavaThread "Finalizer" daemon [_thread_blocked, id=17411, stack(0x000070000722f000,0x000070000732f000)]
  0x00007ff503802000 JavaThread "Signal Dispatcher" daemon [_thread_blocked, id=42755, stack(0x00007000073b5000,0x00007000074b5000)]
  0x00007ff50307a800 JavaThread "C2 CompilerThread0" daemon [_thread_blocked, id=22531, stack(0x00007000074b8000,0x00007000075b8000)]
  0x00007ff50402a000 JavaThread "C2 CompilerThread1" daemon [_thread_blocked, id=22787, stack(0x00007000075bb000,0x00007000076bb000)]
  0x00007ff50383d800 JavaThread "C1 CompilerThread2" daemon [_thread_blocked, id=23555, stack(0x00007000076be000,0x00007000077be000)]
  0x00007ff50383e000 JavaThread "Sweeper thread" daemon [_thread_blocked, id=24323, stack(0x00007000077c1000,0x00007000078c1000)]
  0x00007ff504097000 JavaThread "JDWP Transport Listener: dt_socket" daemon [_thread_blocked, id=24835, stack(0x00007000078c4000,0x00007000079c4000)] _threads_hazard_ptr=0x00007ff502425fb0
  0x00007ff50409a000 JavaThread "JDWP Event Helper Thread" daemon [_thread_blocked, id=41219, stack(0x00007000079c7000,0x0000700007ac7000)]
  0x00007ff50409a800 JavaThread "JDWP Command Reader" daemon [_thread_in_native, id=26115, stack(0x0000700007aca000,0x0000700007bca000)]
  0x00007ff5038ab000 JavaThread "Common-Cleaner" daemon [_thread_blocked, id=40451, stack(0x0000700007bcd000,0x0000700007ccd000)]
  0x00007ff5040d3800 JavaThread "Service Thread" daemon [_thread_blocked, id=26883, stack(0x0000700007cd0000,0x0000700007dd0000)]

Other Threads:
=>0x00007ff503054800 VMThread "VM Thread" [stack: 0x0000700007029000,0x0000700007129000] [id=18691]
  0x00007ff5040a3800 WatcherThread [stack: 0x0000700007dd3000,0x0000700007ed3000] [id=39939]
  0x00007ff50400f000 GCTaskThread "GC Thread#0" [stack: 0x0000700006508000,0x0000700006608000] [id=21507]
  0x00007ff50400f800 GCTaskThread "GC Thread#1" [stack: 0x000070000660b000,0x000070000670b000] [id=11779]
  0x00007ff504013000 GCTaskThread "GC Thread#2" [stack: 0x000070000670e000,0x000070000680e000] [id=12291]
  0x00007ff502801800 GCTaskThread "GC Thread#3" [stack: 0x0000700006811000,0x0000700006911000] [id=12547]
  0x00007ff502823000 ConcurrentGCThread "G1 Main Marker" [stack: 0x0000700006914000,0x0000700006a14000] [id=20995]
  0x00007ff503803800 ConcurrentGCThread "G1 Conc#0" [stack: 0x0000700006a17000,0x0000700006b17000] [id=13059]
  0x00007ff503816000 ConcurrentGCThread "G1 Refine#0" [stack: 0x0000700006b1a000,0x0000700006c1a000] [id=19971]
  0x00007ff503817000 ConcurrentGCThread "G1 Refine#1" [stack: 0x0000700006c1d000,0x0000700006d1d000] [id=13571]
  0x00007ff503037800 ConcurrentGCThread "G1 Refine#2" [stack: 0x0000700006d20000,0x0000700006e20000] [id=19459]
  0x00007ff503817800 ConcurrentGCThread "G1 Refine#3" [stack: 0x0000700006e23000,0x0000700006f23000] [id=14083]
  0x00007ff504014000 ConcurrentGCThread "G1 Young RemSet Sampling" [stack: 0x0000700006f26000,0x0000700007026000] [id=18947]

Threads with active compile tasks:

VM state:at safepoint (normal execution)

VM Mutex/Monitor currently owned by a thread:  ([mutex/lock_event])
[0x00007ff50250eac0] Threads_lock - owner thread: 0x00007ff503054800

Heap address: 0x0000000740000000, size: 2048 MB, Compressed Oops mode: Zero based, Oop shift amount: 3
Narrow klass base: 0x0000000000000000, Narrow klass shift: 3
Compressed class space size: 1073741824 Address: 0x00000007c0000000

Heap:
 garbage-first heap   total 131072K, used 12288K [0x0000000740000000, 0x00000007c0000000)
  region size 1024K, 12 young (12288K), 0 survivors (0K)
 Metaspace       used 7758K, capacity 7924K, committed 8192K, reserved 1056768K
  class space    used 661K, capacity 748K, committed 768K, reserved 1048576K
Heap Regions: E=young(eden), S=young(survivor), O=old, HS=humongous(starts), HC=humongous(continues), CS=collection set, F=free, A=archive, TS=gc time stamp, AC=allocation context, TAMS=top-at-mark-start (previous, next)
|   0|0x0000000740000000, 0x0000000740100000, 0x0000000740100000|100%|HS|  |TS  0|AC  0|TAMS 0x0000000740000000, 0x0000000740000000|
|   1|0x0000000740100000, 0x0000000740100000, 0x0000000740200000|  0%| F|  |TS  0|AC  0|TAMS 0x0000000740100000, 0x0000000740100000|
|   2|0x0000000740200000, 0x0000000740200000, 0x0000000740300000|  0%| F|  |TS  0|AC  0|TAMS 0x0000000740200000, 0x0000000740200000|
|   3|0x0000000740300000, 0x0000000740300000, 0x0000000740400000|  0%| F|  |TS  0|AC  0|TAMS 0x0000000740300000, 0x0000000740300000|
|   4|0x0000000740400000, 0x0000000740400000, 0x0000000740500000|  0%| F|  |TS  0|AC  0|TAMS 0x0000000740400000, 0x0000000740400000|
|   5|0x0000000740500000, 0x0000000740500000, 0x0000000740600000|  0%| F|  |TS  0|AC  0|TAMS 0x0000000740500000, 0x0000000740500000|
|   6|0x0000000740600000, 0x0000000740600000, 0x0000000740700000|  0%| F|  |TS  0|AC  0|TAMS 0x0000000740600000, 0x0000000740600000|
|   7|0x0000000740700000, 0x0000000740700000, 0x0000000740800000|  0%| F|  |TS  0|AC  0|TAMS 0x0000000740700000, 0x0000000740700000|
|   8|0x0000000740800000, 0x0000000740800000, 0x0000000740900000|  0%| F|  |TS  0|AC  0|TAMS 0x0000000740800000, 0x0000000740800000|
|   9|0x0000000740900000, 0x0000000740900000, 0x0000000740a00000|  0%| F|  |TS  0|AC  0|TAMS 0x0000000740900000, 0x0000000740900000|
|  10|0x0000000740a00000, 0x0000000740a00000, 0x0000000740b00000|  0%| F|  |TS  0|AC  0|TAMS 0x0000000740a00000, 0x0000000740a00000|
|  11|0x0000000740b00000, 0x0000000740b00000, 0x0000000740c00000|  0%| F|  |TS  0|AC  0|TAMS 0x0000000740b00000, 0x0000000740b00000|
|  12|0x0000000740c00000, 0x0000000740c00000, 0x0000000740d00000|  0%| F|  |TS  0|AC  0|TAMS 0x0000000740c00000, 0x0000000740c00000|
|  13|0x0000000740d00000, 0x0000000740d00000, 0x0000000740e00000|  0%| F|  |TS  0|AC  0|TAMS 0x0000000740d00000, 0x0000000740d00000|
|  14|0x0000000740e00000, 0x0000000740e00000, 0x0000000740f00000|  0%| F|  |TS  0|AC  0|TAMS 0x0000000740e00000, 0x0000000740e00000|
|  15|0x0000000740f00000, 0x0000000740f00000, 0x0000000741000000|  0%| F|  |TS  0|AC  0|TAMS 0x0000000740f00000, 0x0000000740f00000|
|  16|0x0000000741000000, 0x0000000741000000, 0x0000000741100000|  0%| F|  |TS  0|AC  0|TAMS 0x0000000741000000, 0x0000000741000000|
|  17|0x0000000741100000, 0x0000000741100000, 0x0000000741200000|  0%| F|  |TS  0|AC  0|TAMS 0x0000000741100000, 0x0000000741100000|
|  18|0x0000000741200000, 0x0000000741200000, 0x0000000741300000|  0%| F|  |TS  0|AC  0|TAMS 0x0000000741200000, 0x0000000741200000|
|  19|0x0000000741300000, 0x0000000741300000, 0x0000000741400000|  0%| F|  |TS  0|AC  0|TAMS 0x0000000741300000, 0x0000000741300000|
|  20|0x0000000741400000, 0x0000000741400000, 0x0000000741500000|  0%| F|  |TS  0|AC  0|TAMS 0x0000000741400000, 0x0000000741400000|
|  21|0x0000000741500000, 0x0000000741500000, 0x0000000741600000|  0%| F|  |TS  0|AC  0|TAMS 0x0000000741500000, 0x0000000741500000|
|  22|0x0000000741600000, 0x0000000741600000, 0x0000000741700000|  0%| F|  |TS  0|AC  0|TAMS 0x0000000741600000, 0x0000000741600000|
|  23|0x0000000741700000, 0x0000000741700000, 0x0000000741800000|  0%| F|  |TS  0|AC  0|TAMS 0x0000000741700000, 0x0000000741700000|
|  24|0x0000000741800000, 0x0000000741800000, 0x0000000741900000|  0%| F|  |TS  0|AC  0|TAMS 0x0000000741800000, 0x0000000741800000|
|  25|0x0000000741900000, 0x0000000741900000, 0x0000000741a00000|  0%| F|  |TS  0|AC  0|TAMS 0x0000000741900000, 0x0000000741900000|
|  26|0x0000000741a00000, 0x0000000741a00000, 0x0000000741b00000|  0%| F|  |TS  0|AC  0|TAMS 0x0000000741a00000, 0x0000000741a00000|
|  27|0x0000000741b00000, 0x0000000741b00000, 0x0000000741c00000|  0%| F|  |TS  0|AC  0|TAMS 0x0000000741b00000, 0x0000000741b00000|
|  28|0x0000000741c00000, 0x0000000741c00000, 0x0000000741d00000|  0%| F|  |TS  0|AC  0|TAMS 0x0000000741c00000, 0x0000000741c00000|
|  29|0x0000000741d00000, 0x0000000741d00000, 0x0000000741e00000|  0%| F|  |TS  0|AC  0|TAMS 0x0000000741d00000, 0x0000000741d00000|
|  30|0x0000000741e00000, 0x0000000741e00000, 0x0000000741f00000|  0%| F|  |TS  0|AC  0|TAMS 0x0000000741e00000, 0x0000000741e00000|
|  31|0x0000000741f00000, 0x0000000741f00000, 0x0000000742000000|  0%| F|  |TS  0|AC  0|TAMS 0x0000000741f00000, 0x0000000741f00000|
|  32|0x0000000742000000, 0x0000000742000000, 0x0000000742100000|  0%| F|  |TS  0|AC  0|TAMS 0x0000000742000000, 0x0000000742000000|
|  33|0x0000000742100000, 0x0000000742100000, 0x0000000742200000|  0%| F|  |TS  0|AC  0|TAMS 0x0000000742100000, 0x0000000742100000|
|  34|0x0000000742200000, 0x0000000742200000, 0x0000000742300000|  0%| F|  |TS  0|AC  0|TAMS 0x0000000742200000, 0x0000000742200000|
|  35|0x0000000742300000, 0x0000000742300000, 0x0000000742400000|  0%| F|  |TS  0|AC  0|TAMS 0x0000000742300000, 0x0000000742300000|
|  36|0x0000000742400000, 0x0000000742400000, 0x0000000742500000|  0%| F|  |TS  0|AC  0|TAMS 0x0000000742400000, 0x0000000742400000|
|  37|0x0000000742500000, 0x0000000742500000, 0x0000000742600000|  0%| F|  |TS  0|AC  0|TAMS 0x0000000742500000, 0x0000000742500000|
|  38|0x0000000742600000, 0x0000000742600000, 0x0000000742700000|  0%| F|  |TS  0|AC  0|TAMS 0x0000000742600000, 0x0000000742600000|
|  39|0x0000000742700000, 0x0000000742700000, 0x0000000742800000|  0%| F|  |TS  0|AC  0|TAMS 0x0000000742700000, 0x0000000742700000|
|  40|0x0000000742800000, 0x0000000742800000, 0x0000000742900000|  0%| F|  |TS  0|AC  0|TAMS 0x0000000742800000, 0x0000000742800000|
|  41|0x0000000742900000, 0x0000000742900000, 0x0000000742a00000|  0%| F|  |TS  0|AC  0|TAMS 0x0000000742900000, 0x0000000742900000|
|  42|0x0000000742a00000, 0x0000000742a00000, 0x0000000742b00000|  0%| F|  |TS  0|AC  0|TAMS 0x0000000742a00000, 0x0000000742a00000|
|  43|0x0000000742b00000, 0x0000000742b00000, 0x0000000742c00000|  0%| F|  |TS  0|AC  0|TAMS 0x0000000742b00000, 0x0000000742b00000|
|  44|0x0000000742c00000, 0x0000000742c00000, 0x0000000742d00000|  0%| F|  |TS  0|AC  0|TAMS 0x0000000742c00000, 0x0000000742c00000|
|  45|0x0000000742d00000, 0x0000000742d00000, 0x0000000742e00000|  0%| F|  |TS  0|AC  0|TAMS 0x0000000742d00000, 0x0000000742d00000|
|  46|0x0000000742e00000, 0x0000000742e00000, 0x0000000742f00000|  0%| F|  |TS  0|AC  0|TAMS 0x0000000742e00000, 0x0000000742e00000|
|  47|0x0000000742f00000, 0x0000000742f00000, 0x0000000743000000|  0%| F|  |TS  0|AC  0|TAMS 0x0000000742f00000, 0x0000000742f00000|
|  48|0x0000000743000000, 0x0000000743000000, 0x0000000743100000|  0%| F|  |TS  0|AC  0|TAMS 0x0000000743000000, 0x0000000743000000|
|  49|0x0000000743100000, 0x0000000743100000, 0x0000000743200000|  0%| F|  |TS  0|AC  0|TAMS 0x0000000743100000, 0x0000000743100000|
|  50|0x0000000743200000, 0x0000000743200000, 0x0000000743300000|  0%| F|  |TS  0|AC  0|TAMS 0x0000000743200000, 0x0000000743200000|
|  51|0x0000000743300000, 0x0000000743300000, 0x0000000743400000|  0%| F|  |TS  0|AC  0|TAMS 0x0000000743300000, 0x0000000743300000|
|  52|0x0000000743400000, 0x0000000743400000, 0x0000000743500000|  0%| F|  |TS  0|AC  0|TAMS 0x0000000743400000, 0x0000000743400000|
|  53|0x0000000743500000, 0x0000000743500000, 0x0000000743600000|  0%| F|  |TS  0|AC  0|TAMS 0x0000000743500000, 0x0000000743500000|
|  54|0x0000000743600000, 0x0000000743600000, 0x0000000743700000|  0%| F|  |TS  0|AC  0|TAMS 0x0000000743600000, 0x0000000743600000|
|  55|0x0000000743700000, 0x0000000743700000, 0x0000000743800000|  0%| F|  |TS  0|AC  0|TAMS 0x0000000743700000, 0x0000000743700000|
|  56|0x0000000743800000, 0x0000000743800000, 0x0000000743900000|  0%| F|  |TS  0|AC  0|TAMS 0x0000000743800000, 0x0000000743800000|
|  57|0x0000000743900000, 0x0000000743900000, 0x0000000743a00000|  0%| F|  |TS  0|AC  0|TAMS 0x0000000743900000, 0x0000000743900000|
|  58|0x0000000743a00000, 0x0000000743a00000, 0x0000000743b00000|  0%| F|  |TS  0|AC  0|TAMS 0x0000000743a00000, 0x0000000743a00000|
|  59|0x0000000743b00000, 0x0000000743b00000, 0x0000000743c00000|  0%| F|  |TS  0|AC  0|TAMS 0x0000000743b00000, 0x0000000743b00000|
|  60|0x0000000743c00000, 0x0000000743c00000, 0x0000000743d00000|  0%| F|  |TS  0|AC  0|TAMS 0x0000000743c00000, 0x0000000743c00000|
|  61|0x0000000743d00000, 0x0000000743d00000, 0x0000000743e00000|  0%| F|  |TS  0|AC  0|TAMS 0x0000000743d00000, 0x0000000743d00000|
|  62|0x0000000743e00000, 0x0000000743e00000, 0x0000000743f00000|  0%| F|  |TS  0|AC  0|TAMS 0x0000000743e00000, 0x0000000743e00000|
|  63|0x0000000743f00000, 0x0000000743f00000, 0x0000000744000000|  0%| F|  |TS  0|AC  0|TAMS 0x0000000743f00000, 0x0000000743f00000|
|  64|0x0000000744000000, 0x0000000744000000, 0x0000000744100000|  0%| F|  |TS  0|AC  0|TAMS 0x0000000744000000, 0x0000000744000000|
|  65|0x0000000744100000, 0x0000000744100000, 0x0000000744200000|  0%| F|  |TS  0|AC  0|TAMS 0x0000000744100000, 0x0000000744100000|
|  66|0x0000000744200000, 0x0000000744200000, 0x0000000744300000|  0%| F|  |TS  0|AC  0|TAMS 0x0000000744200000, 0x0000000744200000|
|  67|0x0000000744300000, 0x0000000744300000, 0x0000000744400000|  0%| F|  |TS  0|AC  0|TAMS 0x0000000744300000, 0x0000000744300000|
|  68|0x0000000744400000, 0x0000000744400000, 0x0000000744500000|  0%| F|  |TS  0|AC  0|TAMS 0x0000000744400000, 0x0000000744400000|
|  69|0x0000000744500000, 0x0000000744500000, 0x0000000744600000|  0%| F|  |TS  0|AC  0|TAMS 0x0000000744500000, 0x0000000744500000|
|  70|0x0000000744600000, 0x0000000744600000, 0x0000000744700000|  0%| F|  |TS  0|AC  0|TAMS 0x0000000744600000, 0x0000000744600000|
|  71|0x0000000744700000, 0x0000000744700000, 0x0000000744800000|  0%| F|  |TS  0|AC  0|TAMS 0x0000000744700000, 0x0000000744700000|
|  72|0x0000000744800000, 0x0000000744800000, 0x0000000744900000|  0%| F|  |TS  0|AC  0|TAMS 0x0000000744800000, 0x0000000744800000|
|  73|0x0000000744900000, 0x0000000744900000, 0x0000000744a00000|  0%| F|  |TS  0|AC  0|TAMS 0x0000000744900000, 0x0000000744900000|
|  74|0x0000000744a00000, 0x0000000744a00000, 0x0000000744b00000|  0%| F|  |TS  0|AC  0|TAMS 0x0000000744a00000, 0x0000000744a00000|
|  75|0x0000000744b00000, 0x0000000744b00000, 0x0000000744c00000|  0%| F|  |TS  0|AC  0|TAMS 0x0000000744b00000, 0x0000000744b00000|
|  76|0x0000000744c00000, 0x0000000744c00000, 0x0000000744d00000|  0%| F|  |TS  0|AC  0|TAMS 0x0000000744c00000, 0x0000000744c00000|
|  77|0x0000000744d00000, 0x0000000744d00000, 0x0000000744e00000|  0%| F|  |TS  0|AC  0|TAMS 0x0000000744d00000, 0x0000000744d00000|
|  78|0x0000000744e00000, 0x0000000744e00000, 0x0000000744f00000|  0%| F|  |TS  0|AC  0|TAMS 0x0000000744e00000, 0x0000000744e00000|
|  79|0x0000000744f00000, 0x0000000744f00000, 0x0000000745000000|  0%| F|  |TS  0|AC  0|TAMS 0x0000000744f00000, 0x0000000744f00000|
|  80|0x0000000745000000, 0x0000000745000000, 0x0000000745100000|  0%| F|  |TS  0|AC  0|TAMS 0x0000000745000000, 0x0000000745000000|
|  81|0x0000000745100000, 0x0000000745100000, 0x0000000745200000|  0%| F|  |TS  0|AC  0|TAMS 0x0000000745100000, 0x0000000745100000|
|  82|0x0000000745200000, 0x0000000745200000, 0x0000000745300000|  0%| F|  |TS  0|AC  0|TAMS 0x0000000745200000, 0x0000000745200000|
|  83|0x0000000745300000, 0x0000000745300000, 0x0000000745400000|  0%| F|  |TS  0|AC  0|TAMS 0x0000000745300000, 0x0000000745300000|
|  84|0x0000000745400000, 0x0000000745400000, 0x0000000745500000|  0%| F|  |TS  0|AC  0|TAMS 0x0000000745400000, 0x0000000745400000|
|  85|0x0000000745500000, 0x0000000745500000, 0x0000000745600000|  0%| F|  |TS  0|AC  0|TAMS 0x0000000745500000, 0x0000000745500000|
|  86|0x0000000745600000, 0x0000000745600000, 0x0000000745700000|  0%| F|  |TS  0|AC  0|TAMS 0x0000000745600000, 0x0000000745600000|
|  87|0x0000000745700000, 0x0000000745700000, 0x0000000745800000|  0%| F|  |TS  0|AC  0|TAMS 0x0000000745700000, 0x0000000745700000|
|  88|0x0000000745800000, 0x0000000745800000, 0x0000000745900000|  0%| F|  |TS  0|AC  0|TAMS 0x0000000745800000, 0x0000000745800000|
|  89|0x0000000745900000, 0x0000000745900000, 0x0000000745a00000|  0%| F|  |TS  0|AC  0|TAMS 0x0000000745900000, 0x0000000745900000|
|  90|0x0000000745a00000, 0x0000000745a00000, 0x0000000745b00000|  0%| F|  |TS  0|AC  0|TAMS 0x0000000745a00000, 0x0000000745a00000|
|  91|0x0000000745b00000, 0x0000000745b00000, 0x0000000745c00000|  0%| F|  |TS  0|AC  0|TAMS 0x0000000745b00000, 0x0000000745b00000|
|  92|0x0000000745c00000, 0x0000000745c00000, 0x0000000745d00000|  0%| F|  |TS  0|AC  0|TAMS 0x0000000745c00000, 0x0000000745c00000|
|  93|0x0000000745d00000, 0x0000000745d00000, 0x0000000745e00000|  0%| F|  |TS  0|AC  0|TAMS 0x0000000745d00000, 0x0000000745d00000|
|  94|0x0000000745e00000, 0x0000000745e00000, 0x0000000745f00000|  0%| F|  |TS  0|AC  0|TAMS 0x0000000745e00000, 0x0000000745e00000|
|  95|0x0000000745f00000, 0x0000000745f00000, 0x0000000746000000|  0%| F|  |TS  0|AC  0|TAMS 0x0000000745f00000, 0x0000000745f00000|
|  96|0x0000000746000000, 0x0000000746000000, 0x0000000746100000|  0%| F|  |TS  0|AC  0|TAMS 0x0000000746000000, 0x0000000746000000|
|  97|0x0000000746100000, 0x0000000746100000, 0x0000000746200000|  0%| F|  |TS  0|AC  0|TAMS 0x0000000746100000, 0x0000000746100000|
|  98|0x0000000746200000, 0x0000000746200000, 0x0000000746300000|  0%| F|  |TS  0|AC  0|TAMS 0x0000000746200000, 0x0000000746200000|
|  99|0x0000000746300000, 0x0000000746300000, 0x0000000746400000|  0%| F|  |TS  0|AC  0|TAMS 0x0000000746300000, 0x0000000746300000|
| 100|0x0000000746400000, 0x0000000746400000, 0x0000000746500000|  0%| F|  |TS  0|AC  0|TAMS 0x0000000746400000, 0x0000000746400000|
| 101|0x0000000746500000, 0x0000000746500000, 0x0000000746600000|  0%| F|  |TS  0|AC  0|TAMS 0x0000000746500000, 0x0000000746500000|
| 102|0x0000000746600000, 0x0000000746600000, 0x0000000746700000|  0%| F|  |TS  0|AC  0|TAMS 0x0000000746600000, 0x0000000746600000|
| 103|0x0000000746700000, 0x0000000746700000, 0x0000000746800000|  0%| F|  |TS  0|AC  0|TAMS 0x0000000746700000, 0x0000000746700000|
| 104|0x0000000746800000, 0x0000000746800000, 0x0000000746900000|  0%| F|  |TS  0|AC  0|TAMS 0x0000000746800000, 0x0000000746800000|
| 105|0x0000000746900000, 0x0000000746900000, 0x0000000746a00000|  0%| F|  |TS  0|AC  0|TAMS 0x0000000746900000, 0x0000000746900000|
| 106|0x0000000746a00000, 0x0000000746a00000, 0x0000000746b00000|  0%| F|  |TS  0|AC  0|TAMS 0x0000000746a00000, 0x0000000746a00000|
| 107|0x0000000746b00000, 0x0000000746b00000, 0x0000000746c00000|  0%| F|  |TS  0|AC  0|TAMS 0x0000000746b00000, 0x0000000746b00000|
| 108|0x0000000746c00000, 0x0000000746c00000, 0x0000000746d00000|  0%| F|  |TS  0|AC  0|TAMS 0x0000000746c00000, 0x0000000746c00000|
| 109|0x0000000746d00000, 0x0000000746d00000, 0x0000000746e00000|  0%| F|  |TS  0|AC  0|TAMS 0x0000000746d00000, 0x0000000746d00000|
| 110|0x0000000746e00000, 0x0000000746e00000, 0x0000000746f00000|  0%| F|  |TS  0|AC  0|TAMS 0x0000000746e00000, 0x0000000746e00000|
| 111|0x0000000746f00000, 0x0000000746f00000, 0x0000000747000000|  0%| F|  |TS  0|AC  0|TAMS 0x0000000746f00000, 0x0000000746f00000|
| 112|0x0000000747000000, 0x0000000747000000, 0x0000000747100000|  0%| F|  |TS  0|AC  0|TAMS 0x0000000747000000, 0x0000000747000000|
| 113|0x0000000747100000, 0x0000000747100000, 0x0000000747200000|  0%| F|  |TS  0|AC  0|TAMS 0x0000000747100000, 0x0000000747100000|
| 114|0x0000000747200000, 0x0000000747200000, 0x0000000747300000|  0%| F|  |TS  0|AC  0|TAMS 0x0000000747200000, 0x0000000747200000|
| 115|0x0000000747300000, 0x0000000747300000, 0x0000000747400000|  0%| F|  |TS  0|AC  0|TAMS 0x0000000747300000, 0x0000000747300000|
| 116|0x0000000747400000, 0x0000000747500000, 0x0000000747500000|100%| E|  |TS  0|AC  0|TAMS 0x0000000747400000, 0x0000000747400000|
| 117|0x0000000747500000, 0x0000000747600000, 0x0000000747600000|100%| E|CS|TS  0|AC  0|TAMS 0x0000000747500000, 0x0000000747500000|
| 118|0x0000000747600000, 0x0000000747700000, 0x0000000747700000|100%| E|CS|TS  0|AC  0|TAMS 0x0000000747600000, 0x0000000747600000|
| 119|0x0000000747700000, 0x0000000747800000, 0x0000000747800000|100%| E|CS|TS  0|AC  0|TAMS 0x0000000747700000, 0x0000000747700000|
| 120|0x0000000747800000, 0x0000000747900000, 0x0000000747900000|100%| E|CS|TS  0|AC  0|TAMS 0x0000000747800000, 0x0000000747800000|
| 121|0x0000000747900000, 0x0000000747a00000, 0x0000000747a00000|100%| E|CS|TS  0|AC  0|TAMS 0x0000000747900000, 0x0000000747900000|
| 122|0x0000000747a00000, 0x0000000747b00000, 0x0000000747b00000|100%| E|CS|TS  0|AC  0|TAMS 0x0000000747a00000, 0x0000000747a00000|
| 123|0x0000000747b00000, 0x0000000747c00000, 0x0000000747c00000|100%| E|CS|TS  0|AC  0|TAMS 0x0000000747b00000, 0x0000000747b00000|
| 124|0x0000000747c00000, 0x0000000747d00000, 0x0000000747d00000|100%| E|CS|TS  0|AC  0|TAMS 0x0000000747c00000, 0x0000000747c00000|
| 125|0x0000000747d00000, 0x0000000747e00000, 0x0000000747e00000|100%| E|CS|TS  0|AC  0|TAMS 0x0000000747d00000, 0x0000000747d00000|
| 126|0x0000000747e00000, 0x0000000747f00000, 0x0000000747f00000|100%| E|CS|TS  0|AC  0|TAMS 0x0000000747e00000, 0x0000000747e00000|
| 127|0x0000000747f00000, 0x0000000748000000, 0x0000000748000000|100%| E|CS|TS  0|AC  0|TAMS 0x0000000747f00000, 0x0000000747f00000|

Card table byte_map: [0x0000000124d45000,0x0000000125145000] byte_map_base: 0x0000000121345000

Marking Bits (Prev, Next): (CMBitMap*) 0x00007ff502822660, (CMBitMap*) 0x00007ff502822698
 Prev Bits: [0x0000000125545000, 0x0000000127545000)
 Next Bits: [0x0000000127545000, 0x0000000129545000)

Polling page: 0x00000001085fb000

CodeHeap 'non-profiled nmethods': size=120032Kb used=205Kb max_used=210Kb free=119826Kb
 bounds [0x000000011d80d000, 0x000000011da7d000, 0x0000000124d45000]
CodeHeap 'profiled nmethods': size=120032Kb used=824Kb max_used=909Kb free=119207Kb
 bounds [0x00000001162d5000, 0x0000000116545000, 0x000000011d80d000]
CodeHeap 'non-nmethods': size=5696Kb used=1116Kb max_used=1128Kb free=4579Kb
 bounds [0x0000000115d45000, 0x0000000115fb5000, 0x00000001162d5000]
 total_blobs=1087 nmethods=544 adapters=274
 compilation: enabled

Compilation events (10 events):
Event: 13.506 Thread 0x00007ff50383d800  591       1       java.lang.String::toString (2 bytes)
Event: 13.506 Thread 0x00007ff50383d800 nmethod 591 0x000000011d80d710 code [0x000000011d80d8c0, 0x000000011d80d9d0]
Event: 14.905 Thread 0x00007ff50307a800  592       4       java.lang.invoke.DirectMethodHandle$Holder::invokeStatic (15 bytes)
Event: 14.909 Thread 0x00007ff50307a800 nmethod 592 0x000000011d810910 code [0x000000011d810ac0, 0x000000011d810b88]
Event: 16.016 Thread 0x00007ff50402a000  593       4       java.lang.invoke.DirectMethodHandle$Holder::invokeStatic (20 bytes)
Event: 16.019 Thread 0x00007ff50402a000 nmethod 593 0x000000011d819090 code [0x000000011d819240, 0x000000011d819308]
Event: 16.019 Thread 0x00007ff50307a800  594       4       java.lang.StringConcatHelper::prepend (16 bytes)
Event: 16.025 Thread 0x00007ff50307a800 nmethod 594 0x000000011d818a10 code [0x000000011d818ba0, 0x000000011d818e98]
Event: 16.704 Thread 0x00007ff50383d800  595       3       java.lang.invoke.LambdaForm$MH/1566723494::linkToTargetMethod (9 bytes)
Event: 16.704 Thread 0x00007ff50383d800 nmethod 595 0x00000001162d6990 code [0x00000001162d6b60, 0x00000001162d6f78]

GC Heap History (0 events):
No events

Deoptimization events (4 events):
Event: 0.311 Thread 0x00007ff504001000 Uncommon trap: reason=unstable_if action=reinterpret pc=0x000000011d818cd4 method=java.util.HashMap.putVal(ILjava/lang/Object;Ljava/lang/Object;ZZ)Ljava/lang/Object; @ 69 c2
Event: 0.359 Thread 0x00007ff504001000 Uncommon trap: reason=unstable_if action=reinterpret pc=0x000000011d810c84 method=java.lang.String.hashCode()I @ 14 c2
Event: 0.908 Thread 0x00007ff504001000 Uncommon trap: reason=unstable_if action=reinterpret pc=0x000000011d820670 method=java.lang.String.isLatin1()Z @ 10 c2
Event: 0.943 Thread 0x00007ff504001000 Uncommon trap: reason=unstable_if action=reinterpret pc=0x000000011d80ef7c method=java.lang.String.isLatin1()Z @ 10 c2

Classes redefined (9 events):
Event: 844.046 Thread 0x00007ff503054800 redefined class name=amazons.Controller, count=1
Event: 844.048 Thread 0x00007ff503054800 redefined class name=amazons.Controller$Command, count=1
Event: 844.050 Thread 0x00007ff503054800 redefined class name=amazons.TextPlayer, count=1
Event: 2582.747 Thread 0x00007ff503054800 redefined class name=amazons.Controller, count=2
Event: 2582.751 Thread 0x00007ff503054800 redefined class name=amazons.Controller$Command, count=2
Event: 2582.754 Thread 0x00007ff503054800 redefined class name=amazons.Player, count=1
Event: 2582.757 Thread 0x00007ff503054800 redefined class name=amazons.TextPlayer, count=3
Event: 3552.894 Thread 0x00007ff503054800 redefined class name=amazons.Controller, count=3
Event: 3552.895 Thread 0x00007ff503054800 redefined class name=amazons.Controller$Command, count=3

Internal exceptions (7 events):
Event: 0.550 Thread 0x00007ff504001000 Exception <a 'java/lang/NoSuchMethodError'{0x0000000747b51438}: java.lang.Object.lambda$union$2(Ljava/util/regex/Pattern$CharPredicate;I)Z> (0x0000000747b51438) thrown at [/scratch/mesos/slaves/9190d864-6621-4810-ba08-d8d8c75ba674-S34/frameworks/1735e8a2-
Event: 0.564 Thread 0x00007ff504001000 Exception <a 'java/lang/NoSuchMethodError'{0x0000000747b6d2b8}: java.lang.Object.lambda$negate$3(I)Z> (0x0000000747b6d2b8) thrown at [/scratch/mesos/slaves/9190d864-6621-4810-ba08-d8d8c75ba674-S34/frameworks/1735e8a2-a1db-478c-8104-60c8b0af87dd-0196/execu
Event: 0.658 Thread 0x00007ff504001000 Exception <a 'java/lang/NoSuchMethodError'{0x0000000747a3ba10}: java.lang.invoke.DirectMethodHandle$Holder.invokeStatic(Ljava/lang/Object;Ljava/lang/Object;Ljava/lang/Object;Ljava/lang/Object;Ljava/lang/Object;Ljava/lang/Object;Ljava/lang/Object;Ljava/lan
Event: 0.671 Thread 0x00007ff504001000 Exception <a 'java/lang/NoSuchMethodError'{0x0000000747a5f9d0}: java.lang.invoke.DirectMethodHandle$Holder.invokeStatic(Ljava/lang/Object;Ljava/lang/Object;Ljava/lang/Object;Ljava/lang/Object;Ljava/lang/Object;Ljava/lang/Object;Ljava/lang/Object;Ljava/lan
Event: 0.678 Thread 0x00007ff504001000 Exception <a 'java/lang/NoSuchMethodError'{0x0000000747a826b0}: java.lang.invoke.DirectMethodHandle$Holder.invokeStatic(Ljava/lang/Object;Ljava/lang/Object;Ljava/lang/Object;Ljava/lang/Object;Ljava/lang/Object;Ljava/lang/Object;Ljava/lang/Object;Ljava/lan
Event: 0.683 Thread 0x00007ff504001000 Exception <a 'java/lang/NoSuchMethodError'{0x0000000747a8fff0}: method resolution failed> (0x0000000747a8fff0) thrown at [/scratch/mesos/slaves/9190d864-6621-4810-ba08-d8d8c75ba674-S34/frameworks/1735e8a2-a1db-478c-8104-60c8b0af87dd-0196/executors/f87b489
Event: 0.777 Thread 0x00007ff504001000 Exception <a 'java/lang/NoSuchMethodError'{0x0000000747abc740}: java.lang.Object.lambda$and$0(Ljava/util/regex/Pattern$CharPredicate;I)Z> (0x0000000747abc740) thrown at [/scratch/mesos/slaves/9190d864-6621-4810-ba08-d8d8c75ba674-S34/frameworks/1735e8a2-a1

Events (10 events):
Event: 3553.066 Executing VM operation: GetFrameLocation done
Event: 3553.066 Executing VM operation: GetOrSetLocal
Event: 3553.066 Executing VM operation: GetOrSetLocal done
Event: 3553.067 Executing VM operation: GetFrameCount
Event: 3553.067 Executing VM operation: GetFrameCount done
Event: 3553.067 Executing VM operation: GetFrameLocation
Event: 3553.067 Executing VM operation: GetFrameLocation done
Event: 3553.067 Executing VM operation: GetFrameLocation
Event: 3553.067 Executing VM operation: GetFrameLocation done
Event: 3553.067 Executing VM operation: GetOrSetLocal


Dynamic libraries:
0x00007fff51267000 	/System/Library/Frameworks/Cocoa.framework/Versions/A/Cocoa
0x00007fff5d881000 	/System/Library/Frameworks/Security.framework/Versions/A/Security
0x00007fff4fea9000 	/System/Library/Frameworks/ApplicationServices.framework/Versions/A/ApplicationServices
0x00007fff796ca000 	/usr/lib/libz.1.dylib
0x00007fff775fb000 	/usr/lib/libSystem.B.dylib
0x00007fff51a1a000 	/System/Library/Frameworks/CoreFoundation.framework/Versions/A/CoreFoundation
0x00007fff53b7b000 	/System/Library/Frameworks/Foundation.framework/Versions/C/Foundation
0x00007fff78cb4000 	/usr/lib/libobjc.A.dylib
0x00007fff4eff9000 	/System/Library/Frameworks/AppKit.framework/Versions/C/AppKit
0x00007fff515df000 	/System/Library/Frameworks/CoreData.framework/Versions/A/CoreData
0x00007fff70f3b000 	/System/Library/PrivateFrameworks/RemoteViewServices.framework/Versions/A/RemoteViewServices
0x00007fff756a0000 	/System/Library/PrivateFrameworks/UIFoundation.framework/Versions/A/UIFoundation
0x00007fff65d49000 	/System/Library/PrivateFrameworks/DFRFoundation.framework/Versions/A/DFRFoundation
0x00007fff561e7000 	/System/Library/Frameworks/Metal.framework/Versions/A/Metal
0x00007fff65ee6000 	/System/Library/PrivateFrameworks/DesktopServicesPriv.framework/Versions/A/DesktopServicesPriv
0x00007fff78201000 	/usr/lib/libenergytrace.dylib
0x00007fff7370b000 	/System/Library/PrivateFrameworks/SkyLight.framework/Versions/A/SkyLight
0x00007fff51ebd000 	/System/Library/Frameworks/CoreGraphics.framework/Versions/A/CoreGraphics
0x00007fff775f6000 	/usr/lib/libScreenReader.dylib
0x00007fff4df93000 	/System/Library/Frameworks/Accelerate.framework/Versions/A/Accelerate
0x00007fff542f5000 	/System/Library/Frameworks/IOSurface.framework/Versions/A/IOSurface
0x00007fff503f3000 	/System/Library/Frameworks/AudioToolbox.framework/Versions/A/AudioToolbox
0x00007fff50683000 	/System/Library/Frameworks/AudioUnit.framework/Versions/A/AudioUnit
0x00007fff65de1000 	/System/Library/PrivateFrameworks/DataDetectorsCore.framework/Versions/A/DataDetectorsCore
0x00007fff50d5a000 	/System/Library/Frameworks/Carbon.framework/Versions/A/Frameworks/HIToolbox.framework/Versions/A/HIToolbox
0x00007fff7835b000 	/usr/lib/libicucore.A.dylib
0x00007fff5cdff000 	/System/Library/Frameworks/QuartzCore.framework/Versions/A/QuartzCore
0x00007fff729c2000 	/System/Library/PrivateFrameworks/SignpostNotification.framework/Versions/A/SignpostNotification
0x00007fff51140000 	/System/Library/Frameworks/Carbon.framework/Versions/A/Frameworks/SpeechRecognition.framework/Versions/A/SpeechRecognition
0x00007fff77757000 	/usr/lib/libauto.dylib
0x00007fff795b9000 	/usr/lib/libxml2.2.dylib
0x00007fff6599a000 	/System/Library/PrivateFrameworks/CoreUI.framework/Versions/A/CoreUI
0x00007fff514bb000 	/System/Library/Frameworks/CoreAudio.framework/Versions/A/CoreAudio
0x00007fff539b5000 	/System/Library/Frameworks/DiskArbitration.framework/Versions/A/DiskArbitration
0x00007fff785cf000 	/usr/lib/liblangid.dylib
0x00007fff6d445000 	/System/Library/PrivateFrameworks/MultitouchSupport.framework/Versions/A/MultitouchSupport
0x00007fff54258000 	/System/Library/Frameworks/IOKit.framework/Versions/A/IOKit
0x00007fff77285000 	/usr/lib/libDiagnosticMessagesClient.dylib
0x00007fff52b93000 	/System/Library/Frameworks/CoreServices.framework/Versions/A/CoreServices
0x00007fff6ef77000 	/System/Library/PrivateFrameworks/PerformanceAnalysis.framework/Versions/A/PerformanceAnalysis
0x00007fff5bfa1000 	/System/Library/Frameworks/OpenGL.framework/Versions/A/OpenGL
0x00007fff51275000 	/System/Library/Frameworks/ColorSync.framework/Versions/A/ColorSync
0x00007fff524cf000 	/System/Library/Frameworks/CoreImage.framework/Versions/A/CoreImage
0x00007fff53523000 	/System/Library/Frameworks/CoreText.framework/Versions/A/CoreText
0x00007fff54353000 	/System/Library/Frameworks/ImageIO.framework/Versions/A/ImageIO
0x00007fff62691000 	/System/Library/PrivateFrameworks/Backup.framework/Versions/A/Backup
0x00007fff776a7000 	/usr/lib/libarchive.2.dylib
0x00007fff509a6000 	/System/Library/Frameworks/CFNetwork.framework/Versions/A/CFNetwork
0x00007fff5e014000 	/System/Library/Frameworks/SystemConfiguration.framework/Versions/A/SystemConfiguration
0x00007fff771ae000 	/usr/lib/libCRFSuite.dylib
0x00007fff77830000 	/usr/lib/libc++.1.dylib
0x00007fff77887000 	/usr/lib/libc++abi.dylib
0x00007fff79778000 	/usr/lib/system/libcache.dylib
0x00007fff7977d000 	/usr/lib/system/libcommonCrypto.dylib
0x00007fff79788000 	/usr/lib/system/libcompiler_rt.dylib
0x00007fff79790000 	/usr/lib/system/libcopyfile.dylib
0x00007fff7979a000 	/usr/lib/system/libcorecrypto.dylib
0x00007fff798a7000 	/usr/lib/system/libdispatch.dylib
0x00007fff798e1000 	/usr/lib/system/libdyld.dylib
0x00007fff798ff000 	/usr/lib/system/libkeymgr.dylib
0x00007fff7990d000 	/usr/lib/system/liblaunch.dylib
0x00007fff7990e000 	/usr/lib/system/libmacho.dylib
0x00007fff79913000 	/usr/lib/system/libquarantine.dylib
0x00007fff79916000 	/usr/lib/system/libremovefile.dylib
0x00007fff79918000 	/usr/lib/system/libsystem_asl.dylib
0x00007fff79930000 	/usr/lib/system/libsystem_blocks.dylib
0x00007fff79931000 	/usr/lib/system/libsystem_c.dylib
0x00007fff799bb000 	/usr/lib/system/libsystem_configuration.dylib
0x00007fff799bf000 	/usr/lib/system/libsystem_coreservices.dylib
0x00007fff799c3000 	/usr/lib/system/libsystem_darwin.dylib
0x00007fff799c5000 	/usr/lib/system/libsystem_dnssd.dylib
0x00007fff799cc000 	/usr/lib/system/libsystem_info.dylib
0x00007fff79a3d000 	/usr/lib/system/libsystem_m.dylib
0x00007fff79a89000 	/usr/lib/system/libsystem_malloc.dylib
0x00007fff79aa9000 	/usr/lib/system/libsystem_network.dylib
0x00007fff79bda000 	/usr/lib/system/libsystem_networkextension.dylib
0x00007fff79be5000 	/usr/lib/system/libsystem_notify.dylib
0x00007fff79c03000 	/usr/lib/system/libsystem_sandbox.dylib
0x00007fff79c07000 	/usr/lib/system/libsystem_secinit.dylib
0x00007fff79a16000 	/usr/lib/system/libsystem_kernel.dylib
0x00007fff79bef000 	/usr/lib/system/libsystem_platform.dylib
0x00007fff79bf7000 	/usr/lib/system/libsystem_pthread.dylib
0x00007fff79c09000 	/usr/lib/system/libsystem_symptoms.dylib
0x00007fff79c11000 	/usr/lib/system/libsystem_trace.dylib
0x00007fff79c26000 	/usr/lib/system/libunwind.dylib
0x00007fff79c2c000 	/usr/lib/system/libxpc.dylib
0x00007fff770c1000 	/usr/lib/closure/libclosured.dylib
0x00007fff77811000 	/usr/lib/libbsm.0.dylib
0x00007fff79900000 	/usr/lib/system/libkxld.dylib
0x00007fff774bf000 	/usr/lib/libOpenScriptingUtil.dylib
0x00007fff77b80000 	/usr/lib/libcoretls.dylib
0x00007fff77b99000 	/usr/lib/libcoretls_cfhelpers.dylib
0x00007fff790b5000 	/usr/lib/libpam.2.dylib
0x00007fff791dc000 	/usr/lib/libsqlite3.dylib
0x00007fff795a8000 	/usr/lib/libxar.1.dylib
0x00007fff77822000 	/usr/lib/libbz2.1.0.dylib
0x00007fff785d1000 	/usr/lib/liblzma.5.dylib
0x00007fff78ab2000 	/usr/lib/libnetwork.dylib
0x00007fff77690000 	/usr/lib/libapple_nghttp2.dylib
0x00007fff790bc000 	/usr/lib/libpcap.A.dylib
0x00007fff77758000 	/usr/lib/libboringssl.dylib
0x00007fff79543000 	/usr/lib/libusrtcp.dylib
0x00007fff7768f000 	/usr/lib/libapple_crypto.dylib
0x00007fff52f16000 	/System/Library/Frameworks/CoreServices.framework/Versions/A/Frameworks/FSEvents.framework/Versions/A/FSEvents
0x00007fff52c09000 	/System/Library/Frameworks/CoreServices.framework/Versions/A/Frameworks/CarbonCore.framework/Versions/A/CarbonCore
0x00007fff530dd000 	/System/Library/Frameworks/CoreServices.framework/Versions/A/Frameworks/Metadata.framework/Versions/A/Metadata
0x00007fff5318e000 	/System/Library/Frameworks/CoreServices.framework/Versions/A/Frameworks/OSServices.framework/Versions/A/OSServices
0x00007fff531ef000 	/System/Library/Frameworks/CoreServices.framework/Versions/A/Frameworks/SearchKit.framework/Versions/A/SearchKit
0x00007fff52b94000 	/System/Library/Frameworks/CoreServices.framework/Versions/A/Frameworks/AE.framework/Versions/A/AE
0x00007fff52f1f000 	/System/Library/Frameworks/CoreServices.framework/Versions/A/Frameworks/LaunchServices.framework/Versions/A/LaunchServices
0x00007fff52ee1000 	/System/Library/Frameworks/CoreServices.framework/Versions/A/Frameworks/DictionaryServices.framework/Versions/A/DictionaryServices
0x00007fff5325e000 	/System/Library/Frameworks/CoreServices.framework/Versions/A/Frameworks/SharedFileList.framework/Versions/A/SharedFileList
0x00007fff5741d000 	/System/Library/Frameworks/NetFS.framework/Versions/A/NetFS
0x00007fff6d6d6000 	/System/Library/PrivateFrameworks/NetAuth.framework/Versions/A/NetAuth
0x00007fff76f58000 	/System/Library/PrivateFrameworks/login.framework/Versions/A/Frameworks/loginsupport.framework/Versions/A/loginsupport
0x00007fff7531d000 	/System/Library/PrivateFrameworks/TCC.framework/Versions/A/TCC
0x00007fff786b2000 	/usr/lib/libmecabra.dylib
0x00007fff4feaa000 	/System/Library/Frameworks/ApplicationServices.framework/Versions/A/Frameworks/ATS.framework/Versions/A/ATS
0x00007fff50258000 	/System/Library/Frameworks/ApplicationServices.framework/Versions/A/Frameworks/ColorSyncLegacy.framework/Versions/A/ColorSyncLegacy
0x00007fff502fc000 	/System/Library/Frameworks/ApplicationServices.framework/Versions/A/Frameworks/HIServices.framework/Versions/A/HIServices
0x00007fff5034f000 	/System/Library/Frameworks/ApplicationServices.framework/Versions/A/Frameworks/LangAnalysis.framework/Versions/A/LangAnalysis
0x00007fff5035e000 	/System/Library/Frameworks/ApplicationServices.framework/Versions/A/Frameworks/PrintCore.framework/Versions/A/PrintCore
0x00007fff503ab000 	/System/Library/Frameworks/ApplicationServices.framework/Versions/A/Frameworks/QD.framework/Versions/A/QD
0x00007fff503e6000 	/System/Library/Frameworks/ApplicationServices.framework/Versions/A/Frameworks/SpeechSynthesis.framework/Versions/A/SpeechSynthesis
0x00007fff51936000 	/System/Library/Frameworks/CoreDisplay.framework/Versions/A/CoreDisplay
0x00007fff4dfab000 	/System/Library/Frameworks/Accelerate.framework/Versions/A/Frameworks/vImage.framework/Versions/A/vImage
0x00007fff4ed05000 	/System/Library/Frameworks/Accelerate.framework/Versions/A/Frameworks/vecLib.framework/Versions/A/vecLib
0x00007fff4eaa5000 	/System/Library/Frameworks/Accelerate.framework/Versions/A/Frameworks/vecLib.framework/Versions/A/libvDSP.dylib
0x00007fff4e605000 	/System/Library/Frameworks/Accelerate.framework/Versions/A/Frameworks/vecLib.framework/Versions/A/libBNNS.dylib
0x00007fff4ea0a000 	/System/Library/Frameworks/Accelerate.framework/Versions/A/Frameworks/vecLib.framework/Versions/A/libQuadrature.dylib
0x00007fff4ec53000 	/System/Library/Frameworks/Accelerate.framework/Versions/A/Frameworks/vecLib.framework/Versions/A/libvMisc.dylib
0x00007fff4e634000 	/System/Library/Frameworks/Accelerate.framework/Versions/A/Frameworks/vecLib.framework/Versions/A/libLAPACK.dylib
0x00007fff4e4aa000 	/System/Library/Frameworks/Accelerate.framework/Versions/A/Frameworks/vecLib.framework/Versions/A/libBLAS.dylib
0x00007fff4e9f4000 	/System/Library/Frameworks/Accelerate.framework/Versions/A/Frameworks/vecLib.framework/Versions/A/libLinearAlgebra.dylib
0x00007fff4ea10000 	/System/Library/Frameworks/Accelerate.framework/Versions/A/Frameworks/vecLib.framework/Versions/A/libSparse.dylib
0x00007fff4ea91000 	/System/Library/Frameworks/Accelerate.framework/Versions/A/Frameworks/vecLib.framework/Versions/A/libSparseBLAS.dylib
0x00007fff6a525000 	/System/Library/PrivateFrameworks/GPUWrangler.framework/Versions/A/GPUWrangler
0x00007fff6bcb6000 	/System/Library/PrivateFrameworks/IOAccelerator.framework/Versions/A/IOAccelerator
0x00007fff6bcc1000 	/System/Library/PrivateFrameworks/IOPresentment.framework/Versions/A/IOPresentment
0x00007fff65d5b000 	/System/Library/PrivateFrameworks/DSExternalDisplay.framework/Versions/A/DSExternalDisplay
0x00007fff5b420000 	/System/Library/Frameworks/OpenGL.framework/Versions/A/Libraries/libCoreFSCache.dylib
0x00007fff53674000 	/System/Library/Frameworks/CoreVideo.framework/Versions/A/CoreVideo
0x00007fff6b2a0000 	/System/Library/PrivateFrameworks/GraphVisualizer.framework/Versions/A/GraphVisualizer
0x00007fff5641e000 	/System/Library/Frameworks/MetalPerformanceShaders.framework/Versions/A/MetalPerformanceShaders
0x00007fff772bd000 	/usr/lib/libFosl_dynamic.dylib
0x00007fff66e2f000 	/System/Library/PrivateFrameworks/FaceCore.framework/Versions/A/FaceCore
0x00007fff5a21b000 	/System/Library/Frameworks/OpenCL.framework/Versions/A/OpenCL
0x00007fff778be000 	/usr/lib/libcompression.dylib
0x00007fff4ffa9000 	/System/Library/Frameworks/ApplicationServices.framework/Versions/A/Frameworks/ATS.framework/Versions/A/Resources/libFontParser.dylib
0x00007fff500cc000 	/System/Library/Frameworks/ApplicationServices.framework/Versions/A/Frameworks/ATS.framework/Versions/A/Resources/libFontRegistry.dylib
0x00007fff545bb000 	/System/Library/Frameworks/ImageIO.framework/Versions/A/Resources/libJPEG.dylib
0x00007fff548e4000 	/System/Library/Frameworks/ImageIO.framework/Versions/A/Resources/libTIFF.dylib
0x00007fff548ba000 	/System/Library/Frameworks/ImageIO.framework/Versions/A/Resources/libPng.dylib
0x00007fff544ce000 	/System/Library/Frameworks/ImageIO.framework/Versions/A/Resources/libGIF.dylib
0x00007fff544d3000 	/System/Library/Frameworks/ImageIO.framework/Versions/A/Resources/libJP2.dylib
0x00007fff548e1000 	/System/Library/Frameworks/ImageIO.framework/Versions/A/Resources/libRadiance.dylib
0x00007fff61dbc000 	/System/Library/PrivateFrameworks/AppleJPEG.framework/Versions/A/AppleJPEG
0x00007fff56285000 	/System/Library/Frameworks/MetalPerformanceShaders.framework/Frameworks/MPSCore.framework/Versions/A/MPSCore
0x00007fff562a1000 	/System/Library/Frameworks/MetalPerformanceShaders.framework/Frameworks/MPSImage.framework/Versions/A/MPSImage
0x00007fff56336000 	/System/Library/Frameworks/MetalPerformanceShaders.framework/Frameworks/MPSNeuralNetwork.framework/Versions/A/MPSNeuralNetwork
0x00007fff56311000 	/System/Library/Frameworks/MetalPerformanceShaders.framework/Frameworks/MPSMatrix.framework/Versions/A/MPSMatrix
0x00007fff6d1b7000 	/System/Library/PrivateFrameworks/MetalTools.framework/Versions/A/MetalTools
0x00007fff5b5eb000 	/System/Library/Frameworks/OpenGL.framework/Versions/A/Libraries/libGLU.dylib
0x00007fff5b42b000 	/System/Library/Frameworks/OpenGL.framework/Versions/A/Libraries/libGFXShared.dylib
0x00007fff5b435000 	/System/Library/Frameworks/OpenGL.framework/Versions/A/Libraries/libGL.dylib
0x00007fff5b441000 	/System/Library/Frameworks/OpenGL.framework/Versions/A/Libraries/libGLImage.dylib
0x00007fff5b41d000 	/System/Library/Frameworks/OpenGL.framework/Versions/A/Libraries/libCVMSPluginSupport.dylib
0x00007fff5b426000 	/System/Library/Frameworks/OpenGL.framework/Versions/A/Libraries/libCoreVMClient.dylib
0x00007fff7806b000 	/usr/lib/libcups.2.dylib
0x00007fff557ec000 	/System/Library/Frameworks/Kerberos.framework/Versions/A/Kerberos
0x00007fff53fb2000 	/System/Library/Frameworks/GSS.framework/Versions/A/GSS
0x00007fff7916f000 	/usr/lib/libresolv.9.dylib
0x00007fff78269000 	/usr/lib/libiconv.2.dylib
0x00007fff6b332000 	/System/Library/PrivateFrameworks/Heimdal.framework/Versions/A/Heimdal
0x00007fff78238000 	/usr/lib/libheimdal-asn1.dylib
0x00007fff5a293000 	/System/Library/Frameworks/OpenDirectory.framework/Versions/A/OpenDirectory
0x00007fff640d2000 	/System/Library/PrivateFrameworks/CommonAuth.framework/Versions/A/CommonAuth
0x00007fff5a276000 	/System/Library/Frameworks/OpenDirectory.framework/Versions/A/Frameworks/CFOpenDirectory.framework/Versions/A/CFOpenDirectory
0x00007fff5dbad000 	/System/Library/Frameworks/SecurityFoundation.framework/Versions/A/SecurityFoundation
0x00007fff60f81000 	/System/Library/PrivateFrameworks/APFS.framework/Versions/A/APFS
0x00007fff795a4000 	/usr/lib/libutil.dylib
0x00007fff61e3f000 	/System/Library/PrivateFrameworks/AppleSauce.framework/Versions/A/AppleSauce
0x00007fff6c49e000 	/System/Library/PrivateFrameworks/LinguisticData.framework/Versions/A/LinguisticData
0x00007fff785eb000 	/usr/lib/libmarisa.dylib
0x00007fff6c458000 	/System/Library/PrivateFrameworks/Lexicon.framework/Versions/A/Lexicon
0x00007fff771e8000 	/usr/lib/libChineseTokenizer.dylib
0x00007fff778ad000 	/usr/lib/libcmph.dylib
0x00007fff6c362000 	/System/Library/PrivateFrameworks/LanguageModeling.framework/Versions/A/LanguageModeling
0x00007fff64be1000 	/System/Library/PrivateFrameworks/CoreEmoji.framework/Versions/A/CoreEmoji
0x00007fff5dc6b000 	/System/Library/Frameworks/ServiceManagement.framework/Versions/A/ServiceManagement
0x00007fff62689000 	/System/Library/PrivateFrameworks/BackgroundTaskManagement.framework/Versions/A/BackgroundTaskManagement
0x00007fff796a1000 	/usr/lib/libxslt.1.dylib
0x00007fff5106a000 	/System/Library/Frameworks/Carbon.framework/Versions/A/Frameworks/Ink.framework/Versions/A/Ink
0x00007fff75532000 	/System/Library/PrivateFrameworks/TextureIO.framework/Versions/A/TextureIO
0x00007fff776d2000 	/usr/lib/libate.dylib
0x00007fff65cbb000 	/System/Library/PrivateFrameworks/CrashReporterSupport.framework/Versions/A/CrashReporterSupport
0x00007fff72882000 	/System/Library/PrivateFrameworks/Sharing.framework/Versions/A/Sharing
0x00007fff6c0a3000 	/System/Library/PrivateFrameworks/IconServices.framework/Versions/A/IconServices
0x00007fff622b9000 	/System/Library/PrivateFrameworks/AuthKit.framework/Versions/A/AuthKit
0x00007fff61c3f000 	/System/Library/PrivateFrameworks/Apple80211.framework/Versions/A/Apple80211
0x00007fff65ad0000 	/System/Library/PrivateFrameworks/CoreUtils.framework/Versions/A/CoreUtils
0x00007fff536af000 	/System/Library/Frameworks/CoreWLAN.framework/Versions/A/CoreWLAN
0x00007fff540f4000 	/System/Library/Frameworks/IOBluetooth.framework/Versions/A/IOBluetooth
0x00007fff70d46000 	/System/Library/PrivateFrameworks/ProtocolBuffer.framework/Versions/A/ProtocolBuffer
0x00007fff6d3a0000 	/System/Library/PrivateFrameworks/MobileKeyBag.framework/Versions/A/MobileKeyBag
0x00007fff65385000 	/System/Library/PrivateFrameworks/CorePhoneNumbers.framework/Versions/A/CorePhoneNumbers
0x00007fff61d77000 	/System/Library/PrivateFrameworks/AppleIDAuthSupport.framework/Versions/A/AppleIDAuthSupport
0x00007fff6c34e000 	/System/Library/PrivateFrameworks/KeychainCircle.framework/Versions/A/KeychainCircle
0x00007fff65c56000 	/System/Library/PrivateFrameworks/CoreWiFi.framework/Versions/A/CoreWiFi
0x00007fff515b5000 	/System/Library/Frameworks/CoreBluetooth.framework/Versions/A/CoreBluetooth
0x00007fff65ea5000 	/System/Library/PrivateFrameworks/DebugSymbols.framework/Versions/A/DebugSymbols
0x00007fff65886000 	/System/Library/PrivateFrameworks/CoreSymbolication.framework/Versions/A/CoreSymbolication
0x00007fff74d23000 	/System/Library/PrivateFrameworks/Symbolication.framework/Versions/A/Symbolication
0x00007fff61c69000 	/System/Library/PrivateFrameworks/AppleFSCompression.framework/Versions/A/AppleFSCompression
0x00007fff74170000 	/System/Library/PrivateFrameworks/SpeechRecognitionCore.framework/Versions/A/SpeechRecognitionCore
0x0000000108e00000 	/Library/Java/JavaVirtualMachines/jdk-10.0.2.jdk/Contents/Home/lib/server/libjvm.dylib
0x00007fff79471000 	/usr/lib/libstdc++.6.0.9.dylib
0x0000000109ba0000 	/Library/Java/JavaVirtualMachines/jdk-10.0.2.jdk/Contents/Home/lib/libverify.dylib
0x0000000109bad000 	/Library/Java/JavaVirtualMachines/jdk-10.0.2.jdk/Contents/Home/lib/libjava.dylib
0x0000000109be1000 	/Library/Java/JavaVirtualMachines/jdk-10.0.2.jdk/Contents/Home/lib/libjdwp.dylib
0x0000000109c1e000 	/Library/Java/JavaVirtualMachines/jdk-10.0.2.jdk/Contents/Home/lib/libinstrument.dylib
0x0000000109cb2000 	/Library/Java/JavaVirtualMachines/jdk-10.0.2.jdk/Contents/Home/lib/libzip.dylib
0x0000000109cba000 	/Library/Java/JavaVirtualMachines/jdk-10.0.2.jdk/Contents/Home/lib/libjimage.dylib
0x0000000115c93000 	/Library/Java/JavaVirtualMachines/jdk-10.0.2.jdk/Contents/Home/lib/libdt_socket.dylib
0x000000012dbf2000 	/Library/Java/JavaVirtualMachines/jdk-10.0.2.jdk/Contents/Home/lib/libnio.dylib
0x000000012dc02000 	/Library/Java/JavaVirtualMachines/jdk-10.0.2.jdk/Contents/Home/lib/./libnet.dylib


VM Arguments:
jvm_args: -agentlib:jdwp=transport=dt_socket,address=127.0.0.1:49653,suspend=y,server=n -javaagent:/Users/yuhanxie/Library/Caches/IdeaIC2018.2/captureAgent/debugger-agent.jar=file:/private/var/folders/cx/z3772xy56hs6j1rk_czl95z80000gn/T/capture.props -Dfile.encoding=UTF-8 
java_command: amazons.Main
java_class_path (initial): /Users/yuhanxie/Desktop/repo/proj2/out/production/proj2:/Users/yuhanxie/Desktop/repo/proj2/lib/gjdb.jar:/Users/yuhanxie/Desktop/repo/proj2/lib/tools.jar:/Users/yuhanxie/Desktop/repo/proj2/lib/junit-4.12.jar:/Users/yuhanxie/Desktop/repo/proj2/lib/hamcrest-core-1.3.jar:/Users/yuhanxie/Desktop/repo/proj2/lib/ucb-checkstyle.jar:/Users/yuhanxie/Desktop/repo/proj2/lib/jpt.jar:/Users/yuhanxie/Desktop/repo/proj2/lib/ucb.jar:/Users/yuhanxie/Desktop/repo/proj2/lib/ucb-f2007.jar:/Library/Frameworks/Python.framework/Versions/3.7/lib/python3.7:/Library/Frameworks/Python.framework/Versions/3.7/lib/python3.7/lib-dynload:/Library/Frameworks/Python.framework/Versions/3.7/lib/python3.7/site-packages:/Users/yuhanxie/Library/Caches/IdeaIC2018.2/python_stubs/-1199943126:/Users/yuhanxie/Library/Application Support/IdeaIC2018.2/python-ce/helpers/python-skeletons:/Users/yuhanxie/Library/Application Support/IdeaIC2018.2/python-ce/helpers/typeshed/stdlib/3.4:/Users/yuhanxie/Library/Application Support/IdeaIC2018.2/python-ce/helpers/typeshed/stdlib/3:/Users/yuhanxie/Library/Application Support/IdeaIC2018.2/python-ce/helpers/typeshed/stdlib/2and3:/Users/yuhanxie/Library/Application Support/IdeaIC2018.2/python-ce/helpers/typeshed/third_party/3:/Users/yuhanxie/Library/Application Support/IdeaIC2018.2/python-ce/helpers/typeshed/third_party/2and3:/Applications/IntelliJ IDEA CE.app/Contents/lib/idea_rt.jar
Launcher Type: SUN_STANDARD

Logging:
Log output configuration:
#0: stdout all=warning uptime,level,tags
#1: stderr all=off uptime,level,tags

Environment Variables:
PATH=/Library/Frameworks/Python.framework/Versions/3.7/bin:/usr/local/bin:/usr/bin:/bin:/usr/sbin:/sbin
SHELL=/bin/bash

Signal Handlers:
SIGSEGV: [libjvm.dylib+0x79ac14], sa_mask[0]=11111111011111110111111111111111, sa_flags=SA_ONSTACK|SA_RESTART|SA_SIGINFO
SIGBUS: [libjvm.dylib+0x79ac14], sa_mask[0]=11111111011111110111111111111111, sa_flags=SA_RESTART|SA_SIGINFO
SIGFPE: [libjvm.dylib+0x79ac14], sa_mask[0]=11111111011111110111111111111111, sa_flags=SA_RESTART|SA_SIGINFO
SIGPIPE: [libjvm.dylib+0x635960], sa_mask[0]=11111111011111110111111111111111, sa_flags=SA_RESTART|SA_SIGINFO
SIGXFSZ: [libjvm.dylib+0x635960], sa_mask[0]=11111111011111110111111111111111, sa_flags=SA_RESTART|SA_SIGINFO
SIGILL: [libjvm.dylib+0x79ac14], sa_mask[0]=11111111011111110111111111111111, sa_flags=SA_RESTART|SA_SIGINFO
SIGUSR2: [libjvm.dylib+0x6361f0], sa_mask[0]=00100000000000000000000000000000, sa_flags=SA_RESTART|SA_SIGINFO
SIGHUP: [libjvm.dylib+0x6349db], sa_mask[0]=11111111011111110111111111111111, sa_flags=SA_RESTART|SA_SIGINFO
SIGINT: [libjvm.dylib+0x6349db], sa_mask[0]=11111111011111110111111111111111, sa_flags=SA_RESTART|SA_SIGINFO
SIGTERM: [libjvm.dylib+0x6349db], sa_mask[0]=11111111011111110111111111111111, sa_flags=SA_RESTART|SA_SIGINFO
SIGQUIT: [libjvm.dylib+0x6349db], sa_mask[0]=11111111011111110111111111111111, sa_flags=SA_RESTART|SA_SIGINFO


---------------  S Y S T E M  ---------------

OS:uname:Darwin 17.7.0 Darwin Kernel Version 17.7.0: Thu Jun 21 22:53:14 PDT 2018; root:xnu-4570.71.2~1/RELEASE_X86_64 x86_64
rlimit: STACK 8192k, CORE 0k, NPROC 709, NOFILE 10240, AS infinity, DATA infinity, FSIZE infinity
load average:3.96 3.63 3.59

CPU:total 4 (initial active 4) (2 cores per cpu, 2 threads per core) family 6 model 142 stepping 9, cmov, cx8, fxsr, mmx, sse, sse2, sse3, ssse3, sse4.1, sse4.2, popcnt, avx, avx2, aes, clmul, erms, rtm, 3dnowpref, lzcnt, ht, tsc, tscinvbit, bmi1, bmi2, adx, fma

Memory: 4k page, physical 8388608k(467260k free)

vm_info: Java HotSpot(TM) 64-Bit Server VM (10.0.2+13) for bsd-amd64 JRE (10.0.2+13), built on Jun 28 2018 00:49:51 by "mach5one" with gcc 4.2.1 Compatible Apple LLVM 6.1.0 (clang-602.0.49)

END.
